<?xml version="1.0" encoding="UTF-8"?>
<!-- Generated by org.testng.reporters.JUnitXMLReporter -->
<testsuite ignored="0" hostname="DESKTOP-JRAVQ96" failures="0" tests="6" name="Editing on Hotel Page" time="58.085" errors="0" timestamp="2024-02-13T13:54:45 IST">
  <testcase classname="com.traval.qa.test.EditInHotelPageTest" name="Validate_HomePage_Title" time="1.723"/>
  <testcase classname="com.traval.qa.test.EditInHotelPageTest" name="ValidataBy_AddingRequirment_InHomePage" time="13.603"/>
  <testcase classname="com.traval.qa.test.EditInHotelPageTest" name="Validateby_Requirments_Matchingin_ListingPage_FromHomePage" time="9.487"/>
  <testcase classname="com.traval.qa.test.EditInHotelPageTest" name="Edit_the_HotelPage_Details_byMatchingDetails_withHomePage" time="19.583"/>
  <testcase classname="com.traval.qa.test.EditInHotelPageTest" name="Validate_CheckoutPagerequirment_From_EditedHotelPage" time="3.581"/>
  <testcase classname="com.traval.qa.test.EditInHotelPageTest" name="SucessFul_MassageConfirmation" time="2.39"/>
</testsuite> <!-- Editing on Hotel Page -->
