<?xml version="1.0" encoding="UTF-8"?>
<!-- Generated by org.testng.reporters.JUnitXMLReporter -->
<testsuite ignored="0" hostname="DESKTOP-JRAVQ96" failures="0" tests="4" name="Default test" time="40.048" errors="0" timestamp="2024-02-13T13:50:39 IST">
  <testcase classname="com.traval.qa.test.LoginLogoutTest" name="Validate_HomePage" time="1.497"/>
  <testcase classname="com.traval.qa.test.LoginLogoutTest" name="Validate_UnsucessfulLogin" time="8.13"/>
  <testcase classname="com.traval.qa.test.LoginLogoutTest" name="Validate_SucessFullLogin_ClickMultiplePage" time="15.968"/>
  <testcase classname="com.traval.qa.test.LoginLogoutTest" name="Validate_AfterClicking_SignOut" time="6.052"/>
</testsuite> <!-- Default test -->
