<?xml version="1.0" encoding="UTF-8"?>
<!-- Generated by org.testng.reporters.JUnitXMLReporter -->
<testsuite ignored="0" hostname="DESKTOP-JRAVQ96" failures="0" tests="4" name="first Test for Ticket" time="59.274" errors="0" timestamp="2024-02-13T13:59:22 IST">
  <testcase classname="com.traval.qa.test.ResentViewHotelTest" name="Validate_HomePage" time="1.722"/>
  <testcase classname="com.traval.qa.test.ResentViewHotelTest" name="ValidataBy_AddingRequirment_InHomePage" time="14.024"/>
  <testcase classname="com.traval.qa.test.ResentViewHotelTest" name="Validateby_Selecting_The_Recent_Three_Hotel" time="33.785"/>
  <testcase classname="com.traval.qa.test.ResentViewHotelTest" name="Validate_Selected_HotelIn_HomePage_RecentTab" time="0.011"/>
</testsuite> <!-- first Test for Ticket -->
