<?xml version="1.0" encoding="UTF-8"?>
<!-- Generated by org.testng.reporters.JUnitXMLReporter -->
<testsuite ignored="0" hostname="DESKTOP-JRAVQ96" failures="0" tests="6" name="Editing the Serch Page and Hotel Page" time="81.583" errors="0" timestamp="2024-02-13T13:56:07 IST">
  <testcase classname="com.traval.qa.test.SearchAndHotelpageEditTest" name="Validate_HomePage_Title" time="1.68"/>
  <testcase classname="com.traval.qa.test.SearchAndHotelpageEditTest" name="ValidataBy_AddingRequirment_InHomePage" time="12.804"/>
  <testcase classname="com.traval.qa.test.SearchAndHotelpageEditTest" name="Edit_Requirments_InListingPage" time="36.98"/>
  <testcase classname="com.traval.qa.test.SearchAndHotelpageEditTest" name="Edit_the_Hotel_Details_ByMatchingDetails_with_EditedListingPage" time="16.262"/>
  <testcase classname="com.traval.qa.test.SearchAndHotelpageEditTest" name="Validate_CheckoutPagerequirment_From_EditedHotelPage" time="3.655"/>
  <testcase classname="com.traval.qa.test.SearchAndHotelpageEditTest" name="SucessFul_MassageConfirmation" time="3.295"/>
</testsuite> <!-- Editing the Serch Page and Hotel Page -->
