<?xml version="1.0" encoding="UTF-8"?>
<testng-results ignored="0" total="41" passed="41" failed="0" skipped="0">
  <reporter-output>
  </reporter-output>
  <suite started-at="2024-02-13T13:53:47 IST" name="Book Hotel by editing on Hotel Page" finished-at="2024-02-13T13:54:45 IST" duration-ms="58085">
    <groups>
    </groups>
    <test started-at="2024-02-13T13:53:47 IST" name="Editing on Hotel Page" finished-at="2024-02-13T13:54:45 IST" duration-ms="58085">
      <class name="com.traval.qa.test.EditInHotelPageTest">
        <test-method is-config="true" signature="setup()[pri:0, instance:com.traval.qa.test.EditInHotelPageTest@4b8d604b]" started-at="2024-02-13T13:53:47 IST" name="setup" finished-at="2024-02-13T13:53:55 IST" duration-ms="7318" status="PASS">
          <reporter-output>
          </reporter-output>
        </test-method> <!-- setup -->
        <test-method signature="Validate_HomePage_Title()[pri:1, instance:com.traval.qa.test.EditInHotelPageTest@4b8d604b]" started-at="2024-02-13T13:53:55 IST" name="Validate_HomePage_Title" finished-at="2024-02-13T13:53:56 IST" duration-ms="1723" status="PASS">
          <reporter-output>
          </reporter-output>
        </test-method> <!-- Validate_HomePage_Title -->
        <test-method signature="ValidataBy_AddingRequirment_InHomePage()[pri:2, instance:com.traval.qa.test.EditInHotelPageTest@4b8d604b]" started-at="2024-02-13T13:53:56 IST" name="ValidataBy_AddingRequirment_InHomePage" finished-at="2024-02-13T13:54:10 IST" duration-ms="13603" status="PASS">
          <reporter-output>
          </reporter-output>
        </test-method> <!-- ValidataBy_AddingRequirment_InHomePage -->
        <test-method signature="Validateby_Requirments_Matchingin_ListingPage_FromHomePage()[pri:3, instance:com.traval.qa.test.EditInHotelPageTest@4b8d604b]" started-at="2024-02-13T13:54:10 IST" name="Validateby_Requirments_Matchingin_ListingPage_FromHomePage" finished-at="2024-02-13T13:54:19 IST" duration-ms="9487" status="PASS">
          <reporter-output>
          </reporter-output>
        </test-method> <!-- Validateby_Requirments_Matchingin_ListingPage_FromHomePage -->
        <test-method signature="Edit_the_HotelPage_Details_byMatchingDetails_withHomePage()[pri:4, instance:com.traval.qa.test.EditInHotelPageTest@4b8d604b]" started-at="2024-02-13T13:54:19 IST" name="Edit_the_HotelPage_Details_byMatchingDetails_withHomePage" finished-at="2024-02-13T13:54:39 IST" duration-ms="19583" status="PASS">
          <reporter-output>
          </reporter-output>
        </test-method> <!-- Edit_the_HotelPage_Details_byMatchingDetails_withHomePage -->
        <test-method signature="Validate_CheckoutPagerequirment_From_EditedHotelPage()[pri:5, instance:com.traval.qa.test.EditInHotelPageTest@4b8d604b]" started-at="2024-02-13T13:54:39 IST" name="Validate_CheckoutPagerequirment_From_EditedHotelPage" finished-at="2024-02-13T13:54:43 IST" duration-ms="3581" status="PASS">
          <reporter-output>
          </reporter-output>
        </test-method> <!-- Validate_CheckoutPagerequirment_From_EditedHotelPage -->
        <test-method signature="SucessFul_MassageConfirmation()[pri:6, instance:com.traval.qa.test.EditInHotelPageTest@4b8d604b]" started-at="2024-02-13T13:54:43 IST" name="SucessFul_MassageConfirmation" finished-at="2024-02-13T13:54:45 IST" duration-ms="2390" status="PASS">
          <reporter-output>
          </reporter-output>
        </test-method> <!-- SucessFul_MassageConfirmation -->
        <test-method is-config="true" signature="CloseBrowser()[pri:0, instance:com.traval.qa.test.EditInHotelPageTest@4b8d604b]" started-at="2024-02-13T13:54:45 IST" name="CloseBrowser" finished-at="2024-02-13T13:54:45 IST" duration-ms="372" status="PASS">
          <reporter-output>
          </reporter-output>
        </test-method> <!-- CloseBrowser -->
      </class> <!-- com.traval.qa.test.EditInHotelPageTest -->
    </test> <!-- Editing on Hotel Page -->
  </suite> <!-- Book Hotel by editing on Hotel Page -->
  <suite started-at="2024-02-13T13:51:44 IST" name="Login and SignOut Flow (0)" finished-at="2024-02-13T13:52:21 IST" duration-ms="36504">
    <groups>
    </groups>
    <test started-at="2024-02-13T13:51:44 IST" name="Validate by Login and Logout" finished-at="2024-02-13T13:52:21 IST" duration-ms="36504">
      <class name="com.traval.qa.test.LoginLogoutTest">
        <test-method is-config="true" signature="setup1()[pri:0, instance:com.traval.qa.test.LoginLogoutTest@239a307b]" started-at="2024-02-13T13:51:44 IST" name="setup1" finished-at="2024-02-13T13:51:51 IST" duration-ms="7077" status="PASS">
          <reporter-output>
          </reporter-output>
        </test-method> <!-- setup1 -->
        <test-method signature="Validate_HomePage()[pri:1, instance:com.traval.qa.test.LoginLogoutTest@239a307b]" started-at="2024-02-13T13:51:51 IST" name="Validate_HomePage" finished-at="2024-02-13T13:51:53 IST" duration-ms="1724" status="PASS">
          <reporter-output>
          </reporter-output>
        </test-method> <!-- Validate_HomePage -->
        <test-method signature="Validate_UnsucessfulLogin()[pri:2, instance:com.traval.qa.test.LoginLogoutTest@239a307b]" started-at="2024-02-13T13:51:53 IST" name="Validate_UnsucessfulLogin" finished-at="2024-02-13T13:52:02 IST" duration-ms="8926" status="PASS">
          <reporter-output>
          </reporter-output>
        </test-method> <!-- Validate_UnsucessfulLogin -->
        <test-method signature="Validate_SucessFullLogin_ClickMultiplePage()[pri:3, instance:com.traval.qa.test.LoginLogoutTest@239a307b]" started-at="2024-02-13T13:52:02 IST" name="Validate_SucessFullLogin_ClickMultiplePage" finished-at="2024-02-13T13:52:16 IST" duration-ms="14270" status="PASS">
          <reporter-output>
          </reporter-output>
        </test-method> <!-- Validate_SucessFullLogin_ClickMultiplePage -->
        <test-method signature="Validate_AfterClicking_SignOut()[pri:4, instance:com.traval.qa.test.LoginLogoutTest@239a307b]" started-at="2024-02-13T13:52:16 IST" name="Validate_AfterClicking_SignOut" finished-at="2024-02-13T13:52:20 IST" duration-ms="4071" status="PASS">
          <reporter-output>
          </reporter-output>
        </test-method> <!-- Validate_AfterClicking_SignOut -->
        <test-method is-config="true" signature="CloseBrowser()[pri:0, instance:com.traval.qa.test.LoginLogoutTest@239a307b]" started-at="2024-02-13T13:52:20 IST" name="CloseBrowser" finished-at="2024-02-13T13:52:21 IST" duration-ms="420" status="PASS">
          <reporter-output>
          </reporter-output>
        </test-method> <!-- CloseBrowser -->
      </class> <!-- com.traval.qa.test.LoginLogoutTest -->
    </test> <!-- Validate by Login and Logout -->
  </suite> <!-- Login and SignOut Flow (0) -->
  <suite started-at="2024-02-13T13:52:21 IST" name="Book a Hotel by Editing on Search page" finished-at="2024-02-13T13:53:47 IST" duration-ms="86701">
    <groups>
    </groups>
    <test started-at="2024-02-13T13:52:21 IST" name="Edit on Search page" finished-at="2024-02-13T13:53:47 IST" duration-ms="86701">
      <class name="com.traval.qa.test.EditInSearchPageTest">
        <test-method is-config="true" signature="setup()[pri:0, instance:com.traval.qa.test.EditInSearchPageTest@338fc1d8]" started-at="2024-02-13T13:52:21 IST" name="setup" finished-at="2024-02-13T13:52:27 IST" duration-ms="6534" status="PASS">
          <reporter-output>
          </reporter-output>
        </test-method> <!-- setup -->
        <test-method signature="Validate_HomePage_Title()[pri:1, instance:com.traval.qa.test.EditInSearchPageTest@338fc1d8]" started-at="2024-02-13T13:52:27 IST" name="Validate_HomePage_Title" finished-at="2024-02-13T13:52:29 IST" duration-ms="1730" status="PASS">
          <reporter-output>
          </reporter-output>
        </test-method> <!-- Validate_HomePage_Title -->
        <test-method signature="ValidataBy_AddingRequirment_InHomePage()[pri:2, instance:com.traval.qa.test.EditInSearchPageTest@338fc1d8]" started-at="2024-02-13T13:52:29 IST" name="ValidataBy_AddingRequirment_InHomePage" finished-at="2024-02-13T13:52:44 IST" duration-ms="15086" status="PASS">
          <reporter-output>
          </reporter-output>
        </test-method> <!-- ValidataBy_AddingRequirment_InHomePage -->
        <test-method signature="Edit_Requirments_InListingPage()[pri:3, instance:com.traval.qa.test.EditInSearchPageTest@338fc1d8]" started-at="2024-02-13T13:52:44 IST" name="Edit_Requirments_InListingPage" finished-at="2024-02-13T13:53:33 IST" duration-ms="48753" status="PASS">
          <reporter-output>
          </reporter-output>
        </test-method> <!-- Edit_Requirments_InListingPage -->
        <test-method signature="Validate_Hotelpageby_checkingrequirment_From_EditedListingPage()[pri:5, instance:com.traval.qa.test.EditInSearchPageTest@338fc1d8]" started-at="2024-02-13T13:53:33 IST" name="Validate_Hotelpageby_checkingrequirment_From_EditedListingPage" finished-at="2024-02-13T13:53:40 IST" duration-ms="7351" status="PASS">
          <reporter-output>
          </reporter-output>
        </test-method> <!-- Validate_Hotelpageby_checkingrequirment_From_EditedListingPage -->
        <test-method signature="Validate_CheckoutPagerequirment_From_EditedLisngPage()[pri:6, instance:com.traval.qa.test.EditInSearchPageTest@338fc1d8]" started-at="2024-02-13T13:53:40 IST" name="Validate_CheckoutPagerequirment_From_EditedLisngPage" finished-at="2024-02-13T13:53:44 IST" duration-ms="3793" status="PASS">
          <reporter-output>
          </reporter-output>
        </test-method> <!-- Validate_CheckoutPagerequirment_From_EditedLisngPage -->
        <test-method signature="SucessFul_MassageConfirmation()[pri:7, instance:com.traval.qa.test.EditInSearchPageTest@338fc1d8]" started-at="2024-02-13T13:53:44 IST" name="SucessFul_MassageConfirmation" finished-at="2024-02-13T13:53:47 IST" duration-ms="3014" status="PASS">
          <reporter-output>
          </reporter-output>
        </test-method> <!-- SucessFul_MassageConfirmation -->
        <test-method is-config="true" signature="CloseBrowser()[pri:0, instance:com.traval.qa.test.EditInSearchPageTest@338fc1d8]" started-at="2024-02-13T13:53:47 IST" name="CloseBrowser" finished-at="2024-02-13T13:53:47 IST" duration-ms="410" status="PASS">
          <reporter-output>
          </reporter-output>
        </test-method> <!-- CloseBrowser -->
      </class> <!-- com.traval.qa.test.EditInSearchPageTest -->
    </test> <!-- Edit on Search page -->
  </suite> <!-- Book a Hotel by Editing on Search page -->
  <suite started-at="2024-02-13T13:59:22 IST" name="Car Flow page" finished-at="2024-02-13T14:00:25 IST" duration-ms="62974">
    <groups>
    </groups>
    <test started-at="2024-02-13T13:59:22 IST" name="Book a Car" finished-at="2024-02-13T14:00:25 IST" duration-ms="62974">
      <class name="com.traval.qa.test.SearchCarTest">
        <test-method is-config="true" signature="setup1()[pri:0, instance:com.traval.qa.test.SearchCarTest@aba625]" started-at="2024-02-13T13:59:22 IST" name="setup1" finished-at="2024-02-13T13:59:29 IST" duration-ms="7075" status="PASS">
          <reporter-output>
          </reporter-output>
        </test-method> <!-- setup1 -->
        <test-method signature="Validate_HomePage_ForCar()[pri:1, instance:com.traval.qa.test.SearchCarTest@aba625]" started-at="2024-02-13T13:59:29 IST" name="Validate_HomePage_ForCar" finished-at="2024-02-13T13:59:30 IST" duration-ms="1727" status="PASS">
          <reporter-output>
          </reporter-output>
        </test-method> <!-- Validate_HomePage_ForCar -->
        <test-method signature="adding_Car_Requirment_In_HomePage()[pri:2, instance:com.traval.qa.test.SearchCarTest@aba625]" started-at="2024-02-13T13:59:30 IST" name="adding_Car_Requirment_In_HomePage" finished-at="2024-02-13T13:59:46 IST" duration-ms="15252" status="PASS">
          <reporter-output>
          </reporter-output>
        </test-method> <!-- adding_Car_Requirment_In_HomePage -->
        <test-method signature="Matching_Requirment_inListingPage_With_HomePageCar()[pri:3, instance:com.traval.qa.test.SearchCarTest@aba625]" started-at="2024-02-13T13:59:46 IST" name="Matching_Requirment_inListingPage_With_HomePageCar" finished-at="2024-02-13T14:00:11 IST" duration-ms="25575" status="PASS">
          <reporter-output>
          </reporter-output>
        </test-method> <!-- Matching_Requirment_inListingPage_With_HomePageCar -->
        <test-method signature="Matching_Requirment_InCheckoutPage_With_HomePageCar()[pri:4, instance:com.traval.qa.test.SearchCarTest@aba625]" started-at="2024-02-13T14:00:11 IST" name="Matching_Requirment_InCheckoutPage_With_HomePageCar" finished-at="2024-02-13T14:00:17 IST" duration-ms="6075" status="PASS">
          <reporter-output>
          </reporter-output>
        </test-method> <!-- Matching_Requirment_InCheckoutPage_With_HomePageCar -->
        <test-method signature="Matching_SucessFul_Massage()[pri:5, instance:com.traval.qa.test.SearchCarTest@aba625]" started-at="2024-02-13T14:00:17 IST" name="Matching_SucessFul_Massage" finished-at="2024-02-13T14:00:24 IST" duration-ms="6888" status="PASS">
          <reporter-output>
          </reporter-output>
        </test-method> <!-- Matching_SucessFul_Massage -->
        <test-method is-config="true" signature="CloseBrowser()[pri:0, instance:com.traval.qa.test.SearchCarTest@aba625]" started-at="2024-02-13T14:00:24 IST" name="CloseBrowser" finished-at="2024-02-13T14:00:25 IST" duration-ms="364" status="PASS">
          <reporter-output>
          </reporter-output>
        </test-method> <!-- CloseBrowser -->
      </class> <!-- com.traval.qa.test.SearchCarTest -->
    </test> <!-- Book a Car -->
  </suite> <!-- Car Flow page -->
  <suite started-at="2024-02-13T13:54:45 IST" name="Book hotel by editing in Search and Hotel Page" finished-at="2024-02-13T13:56:07 IST" duration-ms="81583">
    <groups>
    </groups>
    <test started-at="2024-02-13T13:54:45 IST" name="Editing the Serch Page and Hotel Page" finished-at="2024-02-13T13:56:07 IST" duration-ms="81583">
      <class name="com.traval.qa.test.SearchAndHotelpageEditTest">
        <test-method is-config="true" signature="setup()[pri:0, instance:com.traval.qa.test.SearchAndHotelpageEditTest@33ecda92]" started-at="2024-02-13T13:54:45 IST" name="setup" finished-at="2024-02-13T13:54:52 IST" duration-ms="6456" status="PASS">
          <reporter-output>
          </reporter-output>
        </test-method> <!-- setup -->
        <test-method signature="Validate_HomePage_Title()[pri:1, instance:com.traval.qa.test.SearchAndHotelpageEditTest@33ecda92]" started-at="2024-02-13T13:54:52 IST" name="Validate_HomePage_Title" finished-at="2024-02-13T13:54:54 IST" duration-ms="1680" status="PASS">
          <reporter-output>
          </reporter-output>
        </test-method> <!-- Validate_HomePage_Title -->
        <test-method signature="ValidataBy_AddingRequirment_InHomePage()[pri:2, instance:com.traval.qa.test.SearchAndHotelpageEditTest@33ecda92]" started-at="2024-02-13T13:54:54 IST" name="ValidataBy_AddingRequirment_InHomePage" finished-at="2024-02-13T13:55:06 IST" duration-ms="12804" status="PASS">
          <reporter-output>
          </reporter-output>
        </test-method> <!-- ValidataBy_AddingRequirment_InHomePage -->
        <test-method signature="Edit_Requirments_InListingPage()[pri:3, instance:com.traval.qa.test.SearchAndHotelpageEditTest@33ecda92]" started-at="2024-02-13T13:55:06 IST" name="Edit_Requirments_InListingPage" finished-at="2024-02-13T13:55:43 IST" duration-ms="36980" status="PASS">
          <reporter-output>
          </reporter-output>
        </test-method> <!-- Edit_Requirments_InListingPage -->
        <test-method signature="Edit_the_Hotel_Details_ByMatchingDetails_with_EditedListingPage()[pri:4, instance:com.traval.qa.test.SearchAndHotelpageEditTest@33ecda92]" started-at="2024-02-13T13:55:43 IST" name="Edit_the_Hotel_Details_ByMatchingDetails_with_EditedListingPage" finished-at="2024-02-13T13:56:00 IST" duration-ms="16262" status="PASS">
          <reporter-output>
          </reporter-output>
        </test-method> <!-- Edit_the_Hotel_Details_ByMatchingDetails_with_EditedListingPage -->
        <test-method signature="Validate_CheckoutPagerequirment_From_EditedHotelPage()[pri:5, instance:com.traval.qa.test.SearchAndHotelpageEditTest@33ecda92]" started-at="2024-02-13T13:56:00 IST" name="Validate_CheckoutPagerequirment_From_EditedHotelPage" finished-at="2024-02-13T13:56:03 IST" duration-ms="3655" status="PASS">
          <reporter-output>
          </reporter-output>
        </test-method> <!-- Validate_CheckoutPagerequirment_From_EditedHotelPage -->
        <test-method signature="SucessFul_MassageConfirmation()[pri:6, instance:com.traval.qa.test.SearchAndHotelpageEditTest@33ecda92]" started-at="2024-02-13T13:56:03 IST" name="SucessFul_MassageConfirmation" finished-at="2024-02-13T13:56:07 IST" duration-ms="3295" status="PASS">
          <reporter-output>
          </reporter-output>
        </test-method> <!-- SucessFul_MassageConfirmation -->
        <test-method is-config="true" signature="CloseBrowser()[pri:0, instance:com.traval.qa.test.SearchAndHotelpageEditTest@33ecda92]" started-at="2024-02-13T13:56:07 IST" name="CloseBrowser" finished-at="2024-02-13T13:56:07 IST" duration-ms="424" status="PASS">
          <reporter-output>
          </reporter-output>
        </test-method> <!-- CloseBrowser -->
      </class> <!-- com.traval.qa.test.SearchAndHotelpageEditTest -->
    </test> <!-- Editing the Serch Page and Hotel Page -->
  </suite> <!-- Book hotel by editing in Search and Hotel Page -->
  <suite started-at="2024-02-13T13:58:22 IST" name="Recent view Hotel Matching" finished-at="2024-02-13T13:59:22 IST" duration-ms="59274">
    <groups>
    </groups>
    <test started-at="2024-02-13T13:58:22 IST" name="first Test for Ticket" finished-at="2024-02-13T13:59:22 IST" duration-ms="59274">
      <class name="com.traval.qa.test.ResentViewHotelTest">
        <test-method is-config="true" signature="setup1()[pri:0, instance:com.traval.qa.test.ResentViewHotelTest@25df00a0]" started-at="2024-02-13T13:58:22 IST" name="setup1" finished-at="2024-02-13T13:58:32 IST" duration-ms="9196" status="PASS">
          <reporter-output>
          </reporter-output>
        </test-method> <!-- setup1 -->
        <test-method signature="Validate_HomePage()[pri:1, instance:com.traval.qa.test.ResentViewHotelTest@25df00a0]" started-at="2024-02-13T13:58:32 IST" name="Validate_HomePage" finished-at="2024-02-13T13:58:33 IST" duration-ms="1722" status="PASS">
          <reporter-output>
          </reporter-output>
        </test-method> <!-- Validate_HomePage -->
        <test-method signature="ValidataBy_AddingRequirment_InHomePage()[pri:2, instance:com.traval.qa.test.ResentViewHotelTest@25df00a0]" started-at="2024-02-13T13:58:33 IST" name="ValidataBy_AddingRequirment_InHomePage" finished-at="2024-02-13T13:58:47 IST" duration-ms="14024" status="PASS">
          <reporter-output>
          </reporter-output>
        </test-method> <!-- ValidataBy_AddingRequirment_InHomePage -->
        <test-method signature="Validateby_Selecting_The_Recent_Three_Hotel()[pri:3, instance:com.traval.qa.test.ResentViewHotelTest@25df00a0]" started-at="2024-02-13T13:58:47 IST" name="Validateby_Selecting_The_Recent_Three_Hotel" finished-at="2024-02-13T13:59:21 IST" duration-ms="33785" status="PASS">
          <reporter-output>
          </reporter-output>
        </test-method> <!-- Validateby_Selecting_The_Recent_Three_Hotel -->
        <test-method signature="Validate_Selected_HotelIn_HomePage_RecentTab()[pri:4, instance:com.traval.qa.test.ResentViewHotelTest@25df00a0]" started-at="2024-02-13T13:59:21 IST" name="Validate_Selected_HotelIn_HomePage_RecentTab" finished-at="2024-02-13T13:59:21 IST" duration-ms="11" status="PASS">
          <reporter-output>
          </reporter-output>
        </test-method> <!-- Validate_Selected_HotelIn_HomePage_RecentTab -->
        <test-method is-config="true" signature="CloseBrowser()[pri:0, instance:com.traval.qa.test.ResentViewHotelTest@25df00a0]" started-at="2024-02-13T13:59:21 IST" name="CloseBrowser" finished-at="2024-02-13T13:59:22 IST" duration-ms="522" status="PASS">
          <reporter-output>
          </reporter-output>
        </test-method> <!-- CloseBrowser -->
      </class> <!-- com.traval.qa.test.ResentViewHotelTest -->
    </test> <!-- first Test for Ticket -->
  </suite> <!-- Recent view Hotel Matching -->
  <suite started-at="2024-02-13T13:51:05 IST" name="Login and SignOut Flow" finished-at="2024-02-13T13:51:44 IST" duration-ms="38985">
    <groups>
    </groups>
    <test started-at="2024-02-13T13:51:05 IST" name="Validate by Login and Logout" finished-at="2024-02-13T13:51:44 IST" duration-ms="38985">
      <class name="com.traval.qa.test.LoginLogoutTest">
        <test-method is-config="true" signature="setup1()[pri:0, instance:com.traval.qa.test.LoginLogoutTest@5ddeb7cb]" started-at="2024-02-13T13:51:05 IST" name="setup1" finished-at="2024-02-13T13:51:13 IST" duration-ms="7972" status="PASS">
          <reporter-output>
          </reporter-output>
        </test-method> <!-- setup1 -->
        <test-method signature="Validate_HomePage()[pri:1, instance:com.traval.qa.test.LoginLogoutTest@5ddeb7cb]" started-at="2024-02-13T13:51:13 IST" name="Validate_HomePage" finished-at="2024-02-13T13:51:15 IST" duration-ms="1759" status="PASS">
          <reporter-output>
          </reporter-output>
        </test-method> <!-- Validate_HomePage -->
        <test-method signature="Validate_UnsucessfulLogin()[pri:2, instance:com.traval.qa.test.LoginLogoutTest@5ddeb7cb]" started-at="2024-02-13T13:51:15 IST" name="Validate_UnsucessfulLogin" finished-at="2024-02-13T13:51:23 IST" duration-ms="8495" status="PASS">
          <reporter-output>
          </reporter-output>
        </test-method> <!-- Validate_UnsucessfulLogin -->
        <test-method signature="Validate_SucessFullLogin_ClickMultiplePage()[pri:3, instance:com.traval.qa.test.LoginLogoutTest@5ddeb7cb]" started-at="2024-02-13T13:51:23 IST" name="Validate_SucessFullLogin_ClickMultiplePage" finished-at="2024-02-13T13:51:40 IST" duration-ms="16393" status="PASS">
          <reporter-output>
          </reporter-output>
        </test-method> <!-- Validate_SucessFullLogin_ClickMultiplePage -->
        <test-method signature="Validate_AfterClicking_SignOut()[pri:4, instance:com.traval.qa.test.LoginLogoutTest@5ddeb7cb]" started-at="2024-02-13T13:51:40 IST" name="Validate_AfterClicking_SignOut" finished-at="2024-02-13T13:51:44 IST" duration-ms="3877" status="PASS">
          <reporter-output>
          </reporter-output>
        </test-method> <!-- Validate_AfterClicking_SignOut -->
        <test-method is-config="true" signature="CloseBrowser()[pri:0, instance:com.traval.qa.test.LoginLogoutTest@5ddeb7cb]" started-at="2024-02-13T13:51:44 IST" name="CloseBrowser" finished-at="2024-02-13T13:51:44 IST" duration-ms="382" status="PASS">
          <reporter-output>
          </reporter-output>
        </test-method> <!-- CloseBrowser -->
      </class> <!-- com.traval.qa.test.LoginLogoutTest -->
    </test> <!-- Validate by Login and Logout -->
  </suite> <!-- Login and SignOut Flow -->
  <suite started-at="2024-02-13T14:00:26 IST" name="GoDo.com " finished-at="2024-02-13T14:00:26 IST" duration-ms="0">
    <groups>
    </groups>
  </suite> <!-- GoDo.com  -->
  <suite started-at="2024-02-13T13:56:07 IST" name="Edit on Search Page and Apply Multiple Filter" finished-at="2024-02-13T13:58:22 IST" duration-ms="135317">
    <groups>
    </groups>
    <test started-at="2024-02-13T13:56:07 IST" name="Apply Multiple Filter in search Page" finished-at="2024-02-13T13:58:22 IST" duration-ms="135317">
      <class name="com.traval.qa.test.ApplyFilterTest">
        <test-method is-config="true" signature="setup()[pri:0, instance:com.traval.qa.test.ApplyFilterTest@55de24cc]" started-at="2024-02-13T13:56:07 IST" name="setup" finished-at="2024-02-13T13:56:15 IST" duration-ms="7501" status="PASS">
          <reporter-output>
          </reporter-output>
        </test-method> <!-- setup -->
        <test-method signature="Validate_HomePage_Title()[pri:1, instance:com.traval.qa.test.ApplyFilterTest@55de24cc]" started-at="2024-02-13T13:56:15 IST" name="Validate_HomePage_Title" finished-at="2024-02-13T13:56:16 IST" duration-ms="1736" status="PASS">
          <reporter-output>
          </reporter-output>
        </test-method> <!-- Validate_HomePage_Title -->
        <test-method signature="ValidataBy_AddingRequirment_InHomePage()[pri:2, instance:com.traval.qa.test.ApplyFilterTest@55de24cc]" started-at="2024-02-13T13:56:16 IST" name="ValidataBy_AddingRequirment_InHomePage" finished-at="2024-02-13T13:56:29 IST" duration-ms="12328" status="PASS">
          <reporter-output>
          </reporter-output>
        </test-method> <!-- ValidataBy_AddingRequirment_InHomePage -->
        <test-method signature="verify_Multiple_Filter_ListingPage()[pri:3, instance:com.traval.qa.test.ApplyFilterTest@55de24cc]" started-at="2024-02-13T13:56:29 IST" name="verify_Multiple_Filter_ListingPage" finished-at="2024-02-13T13:58:05 IST" duration-ms="96354" status="PASS">
          <reporter-output>
          </reporter-output>
        </test-method> <!-- verify_Multiple_Filter_ListingPage -->
        <test-method signature="Validate_Hotelpage_booking()[pri:4, instance:com.traval.qa.test.ApplyFilterTest@55de24cc]" started-at="2024-02-13T13:58:05 IST" name="Validate_Hotelpage_booking" finished-at="2024-02-13T13:58:13 IST" duration-ms="7989" status="PASS">
          <reporter-output>
          </reporter-output>
        </test-method> <!-- Validate_Hotelpage_booking -->
        <test-method signature="Validate_CheckoutPagerequirment_From_EditedHotelPage()[pri:5, instance:com.traval.qa.test.ApplyFilterTest@55de24cc]" started-at="2024-02-13T13:58:13 IST" name="Validate_CheckoutPagerequirment_From_EditedHotelPage" finished-at="2024-02-13T13:58:17 IST" duration-ms="3550" status="PASS">
          <reporter-output>
          </reporter-output>
        </test-method> <!-- Validate_CheckoutPagerequirment_From_EditedHotelPage -->
        <test-method signature="SucessFul_MassageConfirmation()[pri:6, instance:com.traval.qa.test.ApplyFilterTest@55de24cc]" started-at="2024-02-13T13:58:17 IST" name="SucessFul_MassageConfirmation" finished-at="2024-02-13T13:58:22 IST" duration-ms="5311" status="PASS">
          <reporter-output>
          </reporter-output>
        </test-method> <!-- SucessFul_MassageConfirmation -->
        <test-method is-config="true" signature="CloseBrowser()[pri:0, instance:com.traval.qa.test.ApplyFilterTest@55de24cc]" started-at="2024-02-13T13:58:22 IST" name="CloseBrowser" finished-at="2024-02-13T13:58:22 IST" duration-ms="518" status="PASS">
          <reporter-output>
          </reporter-output>
        </test-method> <!-- CloseBrowser -->
      </class> <!-- com.traval.qa.test.ApplyFilterTest -->
    </test> <!-- Apply Multiple Filter in search Page -->
  </suite> <!-- Edit on Search Page and Apply Multiple Filter -->
</testng-results>
