<?xml version="1.0" encoding="UTF-8"?>
<!-- Generated by org.testng.reporters.JUnitXMLReporter -->
<testsuite ignored="0" hostname="DESKTOP-JRAVQ96" failures="0" tests="5" name="Book a Car" time="62.974" errors="0" timestamp="2024-02-13T14:00:25 IST">
  <testcase classname="com.traval.qa.test.SearchCarTest" name="Validate_HomePage_ForCar" time="1.727"/>
  <testcase classname="com.traval.qa.test.SearchCarTest" name="adding_Car_Requirment_In_HomePage" time="15.252"/>
  <testcase classname="com.traval.qa.test.SearchCarTest" name="Matching_Requirment_inListingPage_With_HomePageCar" time="25.575"/>
  <testcase classname="com.traval.qa.test.SearchCarTest" name="Matching_Requirment_InCheckoutPage_With_HomePageCar" time="6.075"/>
  <testcase classname="com.traval.qa.test.SearchCarTest" name="Matching_SucessFul_Massage" time="6.888"/>
</testsuite> <!-- Book a Car -->
