<?xml version="1.0" encoding="UTF-8"?>
<!-- Generated by org.testng.reporters.JUnitXMLReporter -->
<testsuite ignored="0" hostname="DESKTOP-JRAVQ96" failures="0" tests="4" name="first Test for Ticket" time="44.786" errors="0" timestamp="2024-02-13T03:22:12 IST">
  <testcase classname="com.traval.qa.test.LoginLogoutTest" name="Validate_HomePage" time="1.434"/>
  <testcase classname="com.traval.qa.test.LoginLogoutTest" name="Validate_UnsucessfulLogin" time="8.432"/>
  <testcase classname="com.traval.qa.test.LoginLogoutTest" name="Validate_SucessFullLogin_ClickMultiplePage" time="18.622"/>
  <testcase classname="com.traval.qa.test.LoginLogoutTest" name="Validate_AfterClicking_SignOut" time="4.661"/>
</testsuite> <!-- first Test for Ticket -->
